2023-07-13 14:31:56,791 INFO Starting Nacos v1.4.3 on Rick-yxs with PID 3436 (D:\back-end learning\java-exercise\JavaEE\SpringCloud-yxs\SpringCloudAlibaba\SpringCloudStudy\nacos\target\nacos-server.jar started by AKAtravis-yxs in D:\back-end learning\java-exercise\JavaEE\SpringCloud-yxs\SpringCloudAlibaba\SpringCloudStudy\nacos\bin)

2023-07-13 14:31:56,791 INFO The following profiles are active: standalone

2023-07-13 14:31:59,004 INFO Bean 'org.springframework.security.access.expression.method.DefaultMethodSecurityExpressionHandler@3a94964' of type [org.springframework.security.access.expression.method.DefaultMethodSecurityExpressionHandler] is not eligible for getting processed by all BeanPostProcessors (for example: not eligible for auto-proxying)

2023-07-13 14:31:59,013 INFO Bean 'methodSecurityMetadataSource' of type [org.springframework.security.access.method.DelegatingMethodSecurityMetadataSource] is not eligible for getting processed by all BeanPostProcessors (for example: not eligible for auto-proxying)

2023-07-13 14:31:59,526 INFO Tomcat initialized with port(s): 8848 (http)

2023-07-13 14:31:59,558 INFO Starting service [Tomcat]

2023-07-13 14:31:59,559 INFO Starting Servlet engine: [Apache Tomcat/9.0.38]

2023-07-13 14:31:59,811 INFO At least one JAR was scanned for TLDs yet contained no TLDs. Enable debug logging for this logger for a complete list of JARs that were scanned but no TLDs were found in them. Skipping unneeded JARs during scanning can improve startup time and JSP compilation time.

2023-07-13 14:31:59,854 INFO Initializing Spring embedded WebApplicationContext

2023-07-13 14:31:59,854 INFO Root WebApplicationContext: initialization completed in 2949 ms

2023-07-13 14:32:00,290 INFO HikariPool-1 - Starting...

2023-07-13 14:32:00,296 WARN Registered driver with driverClassName=org.apache.derby.jdbc.EmbeddedDriver was not found, trying direct instantiation.

2023-07-13 14:32:00,746 INFO HikariPool-1 - Driver does not support get/set network timeout for connections. (Feature not implemented: No details.)

2023-07-13 14:32:00,748 INFO HikariPool-1 - Start completed.

2023-07-13 14:32:01,415 INFO Nacos-related cluster resource initialization

2023-07-13 14:32:01,438 INFO The cluster resource is initialized

2023-07-13 14:32:01,820 INFO Reflections took 35 ms to scan 1 urls, producing 4 keys and 6 values 

2023-07-13 14:32:01,843 INFO Reflections took 4 ms to scan 1 urls, producing 6 keys and 26 values 

2023-07-13 14:32:01,856 INFO Reflections took 3 ms to scan 1 urls, producing 3 keys and 15 values 

2023-07-13 14:32:01,868 INFO Reflections took 1 ms to scan 1 urls, producing 2 keys and 12 values 

2023-07-13 14:32:02,474 INFO Initializing ExecutorService 'applicationTaskExecutor'

2023-07-13 14:32:02,589 INFO Adding welcome page: class path resource [static/index.html]

2023-07-13 14:32:02,860 INFO Creating filter chain: Ant [pattern='/**'], []

2023-07-13 14:32:02,883 INFO Creating filter chain: any request, [org.springframework.security.web.context.request.async.WebAsyncManagerIntegrationFilter@203d1d93, org.springframework.security.web.context.SecurityContextPersistenceFilter@2c413ffc, org.springframework.security.web.header.HeaderWriterFilter@25f723b0, org.springframework.security.web.csrf.CsrfFilter@6d2a2560, org.springframework.security.web.authentication.logout.LogoutFilter@7be2f29a, org.springframework.security.web.savedrequest.RequestCacheAwareFilter@6cd98a05, org.springframework.security.web.servletapi.SecurityContextHolderAwareRequestFilter@4fc5563d, org.springframework.security.web.authentication.AnonymousAuthenticationFilter@2c2a027c, org.springframework.security.web.session.SessionManagementFilter@2e26173, org.springframework.security.web.access.ExceptionTranslationFilter@346f41a9]

2023-07-13 14:32:02,940 INFO Initializing ExecutorService 'taskScheduler'

2023-07-13 14:32:02,957 INFO Exposing 2 endpoint(s) beneath base path '/actuator'

2023-07-13 14:32:03,034 INFO Tomcat started on port(s): 8848 (http) with context path '/nacos'

2023-07-13 14:32:03,038 INFO Started Nacos in 7.195 seconds (JVM running for 7.675)

2023-07-13 14:32:03,038 INFO Nacos started successfully in stand alone mode. use embedded storage

2023-07-13 14:32:08,341 INFO Initializing Spring DispatcherServlet 'dispatcherServlet'

2023-07-13 14:32:08,341 INFO Initializing Servlet 'dispatcherServlet'

2023-07-13 14:32:08,347 INFO Completed initialization in 6 ms

2023-07-13 14:42:02,030 INFO [capacityManagement] start correct usage

2023-07-13 14:42:02,039 INFO [capacityManagement] end correct usage, cost: 0s

2023-07-13 14:42:02,200 WARN clearConfigHistory start

2023-07-13 14:52:02,044 INFO [capacityManagement] start correct usage

2023-07-13 14:52:02,044 INFO [capacityManagement] end correct usage, cost: 0s

2023-07-13 14:52:02,214 WARN clearConfigHistory start

2023-07-13 15:02:02,057 INFO [capacityManagement] start correct usage

2023-07-13 15:02:02,057 INFO [capacityManagement] end correct usage, cost: 0s

2023-07-13 15:02:02,226 WARN clearConfigHistory start

2023-07-13 15:12:02,067 INFO [capacityManagement] start correct usage

2023-07-13 15:12:02,067 INFO [capacityManagement] end correct usage, cost: 0s

2023-07-13 15:12:02,227 WARN clearConfigHistory start

2023-07-13 15:22:02,076 INFO [capacityManagement] start correct usage

2023-07-13 15:22:02,076 INFO [capacityManagement] end correct usage, cost: 0s

2023-07-13 15:22:02,233 WARN clearConfigHistory start

2023-07-13 15:32:02,080 INFO [capacityManagement] start correct usage

2023-07-13 15:32:02,080 INFO [capacityManagement] end correct usage, cost: 0s

2023-07-13 15:32:02,238 WARN clearConfigHistory start

2023-07-13 15:42:02,093 INFO [capacityManagement] start correct usage

2023-07-13 15:42:02,093 INFO [capacityManagement] end correct usage, cost: 0s

2023-07-13 15:42:02,239 WARN clearConfigHistory start

2023-07-13 15:52:02,094 INFO [capacityManagement] start correct usage

2023-07-13 15:52:02,094 INFO [capacityManagement] end correct usage, cost: 0s

2023-07-13 15:52:02,240 WARN clearConfigHistory start

2023-07-13 16:02:02,096 INFO [capacityManagement] start correct usage

2023-07-13 16:02:02,096 INFO [capacityManagement] end correct usage, cost: 0s

2023-07-13 16:02:02,241 WARN clearConfigHistory start

2023-07-13 16:12:02,102 INFO [capacityManagement] start correct usage

2023-07-13 16:12:02,103 INFO [capacityManagement] end correct usage, cost: 0s

2023-07-13 16:12:02,245 WARN clearConfigHistory start

2023-07-13 16:22:02,105 INFO [capacityManagement] start correct usage

2023-07-13 16:22:02,106 INFO [capacityManagement] end correct usage, cost: 0s

2023-07-13 16:22:02,247 WARN clearConfigHistory start

2023-07-13 16:32:02,113 INFO [capacityManagement] start correct usage

2023-07-13 16:32:02,113 INFO [capacityManagement] end correct usage, cost: 0s

2023-07-13 16:32:02,257 WARN clearConfigHistory start

2023-07-13 16:42:02,123 INFO [capacityManagement] start correct usage

2023-07-13 16:42:02,123 INFO [capacityManagement] end correct usage, cost: 0s

2023-07-13 16:42:02,264 WARN clearConfigHistory start

2023-07-13 16:52:02,129 INFO [capacityManagement] start correct usage

2023-07-13 16:52:02,129 INFO [capacityManagement] end correct usage, cost: 0s

2023-07-13 16:52:02,265 WARN clearConfigHistory start

2023-07-13 17:02:02,140 INFO [capacityManagement] start correct usage

2023-07-13 17:02:02,140 INFO [capacityManagement] end correct usage, cost: 0s

2023-07-13 17:02:02,268 WARN clearConfigHistory start

2023-07-13 17:12:02,156 INFO [capacityManagement] start correct usage

2023-07-13 17:12:02,157 INFO [capacityManagement] end correct usage, cost: 0s

2023-07-13 17:12:02,269 WARN clearConfigHistory start

