2023-07-19 00:52:18,772 INFO PERFORMANCE:|0|0|-1|-1

2023-07-19 00:57:18,779 INFO PERFORMANCE:|3|4|-1|-1

2023-07-19 01:02:18,790 INFO PERFORMANCE:|3|4|-1|-1

2023-07-19 01:07:18,798 INFO PERFORMANCE:|3|4|-1|-1

2023-07-19 01:12:18,811 INFO PERFORMANCE:|3|4|-1|-1

2023-07-19 01:17:18,826 INFO PERFORMANCE:|3|4|-1|-1

2023-07-19 01:22:18,827 INFO PERFORMANCE:|3|4|-1|-1

2023-07-19 01:27:18,836 INFO PERFORMANCE:|3|4|-1|-1

2023-07-19 01:32:18,836 INFO PERFORMANCE:|3|4|-1|-1

2023-07-19 01:37:18,847 INFO PERFORMANCE:|3|4|-1|-1

2023-07-19 01:42:18,852 INFO PERFORMANCE:|3|4|-1|-1

2023-07-19 01:47:18,860 INFO PERFORMANCE:|3|4|-1|-1

2023-07-19 01:52:18,873 INFO PERFORMANCE:|3|4|-1|-1

2023-07-19 01:57:18,885 INFO PERFORMANCE:|3|4|-1|-1

2023-07-19 02:02:18,898 INFO PERFORMANCE:|3|4|-1|-1

2023-07-19 02:07:18,913 INFO PERFORMANCE:|3|4|-1|-1

2023-07-19 02:12:18,927 INFO PERFORMANCE:|3|4|-1|-1

2023-07-19 02:17:18,939 INFO PERFORMANCE:|3|4|-1|-1

2023-07-19 02:22:18,946 INFO PERFORMANCE:|3|4|-1|-1

2023-07-19 02:27:18,946 INFO PERFORMANCE:|3|4|-1|-1

2023-07-19 02:32:18,955 INFO PERFORMANCE:|3|4|-1|-1

2023-07-19 02:37:18,968 INFO PERFORMANCE:|3|4|-1|-1

2023-07-19 02:42:18,983 INFO PERFORMANCE:|3|4|-1|-1

2023-07-19 02:47:18,986 INFO PERFORMANCE:|3|4|-1|-1

2023-07-19 02:52:19,000 INFO PERFORMANCE:|3|1|-1|-1

